<?xml version="1.0" encoding="UTF-8"?>
<testng-results skipped="0" failed="0" total="1" passed="1">
  <reporter-output>
  </reporter-output>
  <suite name="Default suite" duration-ms="4885" started-at="2018-03-01T22:40:05Z" finished-at="2018-03-01T22:40:10Z">
    <groups>
    </groups>
    <test name="Default test" duration-ms="4885" started-at="2018-03-01T22:40:05Z" finished-at="2018-03-01T22:40:10Z">
      <class name="Automatizacion.Navegacion.Prueba1">
        <test-method status="PASS" signature="levantarPagina()[pri:0, instance:Automatizacion.Navegacion.Prueba1@2eae8e6e]" name="levantarPagina" duration-ms="4865" started-at="2018-03-01T16:40:05Z" finished-at="2018-03-01T16:40:10Z">
          <reporter-output>
          </reporter-output>
        </test-method> <!-- levantarPagina -->
      </class> <!-- Automatizacion.Navegacion.Prueba1 -->
    </test> <!-- Default test -->
  </suite> <!-- Default suite -->
</testng-results>
